<?xml version="1.0" encoding="UTF-8"?>
<!-- Generated by org.testng.reporters.JUnitReportReporter -->
<testsuite hostname="LAPTOP-536IQSF9" failures="0" tests="1" name="anmolTiwary.EndToEnd_project.ValidateTitle" time="7.000" errors="0" timestamp="2022-08-27T18:25:22 IST" skipped="0">
  <testcase classname="anmolTiwary.EndToEnd_project.ValidateTitle" name="basePageNavigation" time="7.000"/>
  <system-out/>
</testsuite> <!-- anmolTiwary.EndToEnd_project.ValidateTitle -->
