<?xml version="1.0" encoding="UTF-8"?>
<!-- Generated by org.testng.reporters.JUnitReportReporter -->
<testsuite hostname="LAPTOP-536IQSF9" failures="0" tests="2" name="anmolTiwary.EndToEnd_project.HomePage" time="21.998" errors="0" timestamp="2022-08-26T16:04:45 IST" skipped="0">
  <testcase classname="anmolTiwary.EndToEnd_project.HomePage" name="PageNavigation" time="13.236"/>
  <system-out/>
  <testcase classname="anmolTiwary.EndToEnd_project.HomePage" name="PageNavigation" time="8.762"/>
  <system-out/>
</testsuite> <!-- anmolTiwary.EndToEnd_project.HomePage -->
