<?xml version="1.0" encoding="UTF-8"?>
<!-- Generated by org.testng.reporters.JUnitReportReporter -->
<testsuite hostname="LAPTOP-536IQSF9" failures="0" tests="1" name="anmolTiwary.EndToEnd_project.ValidateTitle" time="8.485" errors="0" timestamp="2022-08-26T16:04:45 IST" skipped="0">
  <testcase classname="anmolTiwary.EndToEnd_project.ValidateTitle" name="basePageNavigation" time="8.485"/>
  <system-out/>
</testsuite> <!-- anmolTiwary.EndToEnd_project.ValidateTitle -->
